[34;1m:: Running solver tomatic.minizinc[0m
[34;1m:: Carregant configuraci√≥ b2bdata/inputs/config-2days2lines.yaml...[0m
[31;1mError: computeShifts[0m
[31;1mError: Solver tomatic.minizinc crashed[0m
[31;1mError: Traceback (most recent call last):
  File "/home/vokimon/somenergia/tomatic/.venv/lib/python3.11/site-packages/yamlns/__init__.py", line 40, in __getattr__
    return self[name]
           ~~~~^^^^^^
KeyError: 'computeShifts'

During handling of the above exception, another exception occurred:

Traceback (most recent call last):
  File "/home/vokimon/somenergia/tomatic/scripts/tomatic_scheduler.py", line 16, in main
    solver.main()
  File "/home/vokimon/somenergia/tomatic/tomatic/minizinc.py", line 139, in main
    config = Config(
             ^^^^^^^
  File "/home/vokimon/somenergia/tomatic/tomatic/scenario_config.py", line 36, in __init__
    if not self.data.get('weekShifts') and not self.data.computeShifts:
                                               ^^^^^^^^^^^^^^^^^^^^^^^
  File "/home/vokimon/somenergia/tomatic/.venv/lib/python3.11/site-packages/yamlns/__init__.py", line 42, in __getattr__
    raise AttributeError(name)
AttributeError: computeShifts
[0m
[34;1m:: Running solver tomatic.backtracker[0m
[34;1m:: Carregant configuraci√≥ b2bdata/inputs/config-2days2lines.yaml...[0m
[34;1m:: Muntant el solucionador...[0m
[33mWarning: T'has deixat dies laborables: ['dl', 'dv', 'dx'][0m
[34;1m:: Generant horari...[0m
Soluci√≥ incomplerta 0/16 caselles, cost 0
Soluci√≥ incomplerta 1/16 caselles, cost 0
[33mWarning: carme no esta disponible el dm a 1a hora[0m
Soluci√≥ incomplerta 2/16 caselles, cost 0
[33mWarning: adria no esta disponible el dm a 2a hora[0m
Soluci√≥ incomplerta 3/16 caselles, cost 0
Soluci√≥ incomplerta 4/16 caselles, cost 5
[33mWarning: adria no esta disponible el dm a 3a hora[0m
[33mWarning: albertg no esta disponible el dm a 3a hora[0m
[33mWarning: annab no esta disponible el dm a 3a hora[0m
Soluci√≥ incomplerta 5/16 caselles, cost 5
[33mWarning: carme no esta disponible el dm a 3a hora[0m
[33mWarning: guifre no esta disponible el dm a 3a hora[0m
Soluci√≥ incomplerta 6/16 caselles, cost 5
[33mWarning: adria no esta disponible el dm a 4a hora[0m
[33mWarning: albertg no esta disponible el dm a 4a hora[0m
Soluci√≥ incomplerta 7/16 caselles, cost 5
[33mWarning: carme no esta disponible el dm a 4a hora[0m
[33mWarning: guifre no esta disponible el dm a 4a hora[0m
[33mWarning: merce no esta disponible el dm a 4a hora[0m
Soluci√≥ incomplerta 8/16 caselles, cost 5
Soluci√≥ incomplerta 9/16 caselles, cost 5
[33mWarning: carme no esta disponible el dj a 1a hora[0m
Soluci√≥ incomplerta 10/16 caselles, cost 5
Soluci√≥ incomplerta 11/16 caselles, cost 5
Soluci√≥ incomplerta 12/16 caselles, cost 10
[33mWarning: annab no esta disponible el dj a 3a hora[0m
Soluci√≥ incomplerta 13/16 caselles, cost 10
Soluci√≥ incomplerta 14/16 caselles, cost 10
Soluci√≥ incomplerta 15/16 caselles, cost 10
Soluci√≥ trobada amb cost 10.
[33mWarning: monicag no esta disponible el dj a 3a hora[0m
[34;1m:: Millor graella grabada a 'graella-telefons-2019-11-11.html'[0m
[34;1m:: Millor graella grabada a 'graella-telefons-2019-11-11.yaml'[0m
