[34;1m:: Running solver tomatic.minizinc[0m
[34;1m:: Carregant configuraci√≥ b2bdata/inputs/config-3days6lines.yaml...[0m
[31;1mError: computeShifts[0m
[31;1mError: Solver tomatic.minizinc crashed[0m
[31;1mError: Traceback (most recent call last):
  File "/home/vokimon/somenergia/tomatic/.venv/lib/python3.11/site-packages/yamlns/__init__.py", line 40, in __getattr__
    return self[name]
           ~~~~^^^^^^
KeyError: 'computeShifts'

During handling of the above exception, another exception occurred:

Traceback (most recent call last):
  File "/home/vokimon/somenergia/tomatic/scripts/tomatic_scheduler.py", line 16, in main
    solver.main()
  File "/home/vokimon/somenergia/tomatic/tomatic/minizinc.py", line 139, in main
    config = Config(
             ^^^^^^^
  File "/home/vokimon/somenergia/tomatic/tomatic/scenario_config.py", line 36, in __init__
    if not self.data.get('weekShifts') and not self.data.computeShifts:
                                               ^^^^^^^^^^^^^^^^^^^^^^^
  File "/home/vokimon/somenergia/tomatic/.venv/lib/python3.11/site-packages/yamlns/__init__.py", line 42, in __getattr__
    raise AttributeError(name)
AttributeError: computeShifts
[0m
[34;1m:: Running solver tomatic.backtracker[0m
[34;1m:: Carregant configuraci√≥ b2bdata/inputs/config-3days6lines.yaml...[0m
[34;1m:: Muntant el solucionador...[0m
[33mWarning: T'has deixat dies laborables: ['dj', 'dm'][0m
[34;1m:: Generant horari...[0m
Soluci√≥ incomplerta 0/72 caselles, cost 0
Soluci√≥ incomplerta 1/72 caselles, cost 0
[33mWarning: carme no esta disponible el dl a 1a hora[0m
Soluci√≥ incomplerta 2/72 caselles, cost 0
[33mWarning: eloi no esta disponible el dl a 1a hora[0m
Soluci√≥ incomplerta 3/72 caselles, cost 0
[33mWarning: annab no esta disponible el dl a 1a hora[0m
[33mWarning: joanm no esta disponible el dl a 1a hora[0m
[33mWarning: olga no esta disponible el dl a 1a hora[0m
Soluci√≥ incomplerta 4/72 caselles, cost 0
[33mWarning: albert no esta disponible el dl a 1a hora[0m
[33mWarning: carol no esta disponible el dl a 1a hora[0m
Soluci√≥ incomplerta 5/72 caselles, cost 0
[33mWarning: gabriel no esta disponible el dl a 1a hora[0m
[33mWarning: joanb no esta disponible el dl a 1a hora[0m
[33mWarning: maite no esta disponible el dl a 1a hora[0m
Soluci√≥ incomplerta 6/72 caselles, cost 0
[33mWarning: adria no esta disponible el dl a 2a hora[0m
Soluci√≥ incomplerta 7/72 caselles, cost 0
Soluci√≥ incomplerta 8/72 caselles, cost 5
[33mWarning: eloi no esta disponible el dl a 2a hora[0m
[33mWarning: nuria no esta disponible el dl a 2a hora[0m
Soluci√≥ incomplerta 9/72 caselles, cost 5
[33mWarning: annab no esta disponible el dl a 2a hora[0m
[33mWarning: joanm no esta disponible el dl a 2a hora[0m
Soluci√≥ incomplerta 10/72 caselles, cost 5
[33mWarning: albert no esta disponible el dl a 2a hora[0m
[33mWarning: carol no esta disponible el dl a 2a hora[0m
[33mWarning: vane no esta disponible el dl a 2a hora[0m
Soluci√≥ incomplerta 11/72 caselles, cost 5
[33mWarning: gabriel no esta disponible el dl a 2a hora[0m
Soluci√≥ incomplerta 12/72 caselles, cost 5
[33mWarning: adria no esta disponible el dl a 3a hora[0m
[33mWarning: albertg no esta disponible el dl a 3a hora[0m
Soluci√≥ incomplerta 13/72 caselles, cost 5
[33mWarning: carme no esta disponible el dl a 3a hora[0m
[33mWarning: guifre no esta disponible el dl a 3a hora[0m
Soluci√≥ incomplerta 14/72 caselles, cost 5
[33mWarning: eloi no esta disponible el dl a 3a hora[0m
[33mWarning: nuria no esta disponible el dl a 3a hora[0m
[33mWarning: otilia no esta disponible el dl a 3a hora[0m
Soluci√≥ incomplerta 15/72 caselles, cost 5
Soluci√≥ incomplerta 16/72 caselles, cost 5
Soluci√≥ incomplerta 17/72 caselles, cost 5
[33mWarning: gabriel no esta disponible el dl a 3a hora[0m
[33mWarning: joanb no esta disponible el dl a 3a hora[0m
Soluci√≥ incomplerta 18/72 caselles, cost 5
[33mWarning: adria no esta disponible el dl a 4a hora[0m
[33mWarning: albertg no esta disponible el dl a 4a hora[0m
[33mWarning: aram no esta disponible el dl a 4a hora[0m
Soluci√≥ incomplerta 19/72 caselles, cost 5
[33mWarning: carme no esta disponible el dl a 4a hora[0m
[33mWarning: guifre no esta disponible el dl a 4a hora[0m
[33mWarning: merce no esta disponible el dl a 4a hora[0m
Soluci√≥ incomplerta 20/72 caselles, cost 5
Soluci√≥ incomplerta 21/72 caselles, cost 5
[33mWarning: annab no esta disponible el dl a 4a hora[0m
Soluci√≥ incomplerta 22/72 caselles, cost 5
[33mWarning: albert no esta disponible el dl a 4a hora[0m
Soluci√≥ incomplerta 23/72 caselles, cost 5
Soluci√≥ incomplerta 24/72 caselles, cost 5
Soluci√≥ incomplerta 25/72 caselles, cost 5
[33mWarning: carme no esta disponible el dx a 1a hora[0m
Soluci√≥ incomplerta 26/72 caselles, cost 5
[33mWarning: eloi no esta disponible el dx a 1a hora[0m
Soluci√≥ incomplerta 27/72 caselles, cost 5
[33mWarning: annab no esta disponible el dx a 1a hora[0m
[33mWarning: joanm no esta disponible el dx a 1a hora[0m
[33mWarning: olga no esta disponible el dx a 1a hora[0m
Soluci√≥ incomplerta 28/72 caselles, cost 5
[33mWarning: albert no esta disponible el dx a 1a hora[0m
[33mWarning: carol no esta disponible el dx a 1a hora[0m
Soluci√≥ incomplerta 29/72 caselles, cost 5
[33mWarning: gabriel no esta disponible el dx a 1a hora[0m
[33mWarning: joanb no esta disponible el dx a 1a hora[0m
[33mWarning: maite no esta disponible el dx a 1a hora[0m
Soluci√≥ incomplerta 30/72 caselles, cost 5
[33mWarning: adria no esta disponible el dx a 2a hora[0m
Soluci√≥ incomplerta 31/72 caselles, cost 5
Soluci√≥ incomplerta 32/72 caselles, cost 10
[33mWarning: eloi no esta disponible el dx a 2a hora[0m
[33mWarning: nuria no esta disponible el dx a 2a hora[0m
Soluci√≥ incomplerta 33/72 caselles, cost 10
[33mWarning: annab no esta disponible el dx a 2a hora[0m
[33mWarning: joanm no esta disponible el dx a 2a hora[0m
Soluci√≥ incomplerta 34/72 caselles, cost 10
[33mWarning: albert no esta disponible el dx a 2a hora[0m
[33mWarning: carol no esta disponible el dx a 2a hora[0m
[33mWarning: vane no esta disponible el dx a 2a hora[0m
Soluci√≥ incomplerta 35/72 caselles, cost 10
[33mWarning: gabriel no esta disponible el dx a 2a hora[0m
Soluci√≥ incomplerta 36/72 caselles, cost 10
[33mWarning: adria no esta disponible el dx a 3a hora[0m
[33mWarning: albertg no esta disponible el dx a 3a hora[0m
Soluci√≥ incomplerta 37/72 caselles, cost 10
[33mWarning: carme no esta disponible el dx a 3a hora[0m
[33mWarning: guifre no esta disponible el dx a 3a hora[0m
Soluci√≥ incomplerta 38/72 caselles, cost 10
[33mWarning: eloi no esta disponible el dx a 3a hora[0m
[33mWarning: nuria no esta disponible el dx a 3a hora[0m
[33mWarning: otilia no esta disponible el dx a 3a hora[0m
Soluci√≥ incomplerta 39/72 caselles, cost 10
Soluci√≥ incomplerta 40/72 caselles, cost 10
Soluci√≥ incomplerta 41/72 caselles, cost 10
[33mWarning: gabriel no esta disponible el dx a 3a hora[0m
[33mWarning: joanb no esta disponible el dx a 3a hora[0m
Soluci√≥ incomplerta 42/72 caselles, cost 10
[33mWarning: adria no esta disponible el dx a 4a hora[0m
[33mWarning: albertg no esta disponible el dx a 4a hora[0m
[33mWarning: aram no esta disponible el dx a 4a hora[0m
Soluci√≥ incomplerta 43/72 caselles, cost 10
[33mWarning: carme no esta disponible el dx a 4a hora[0m
[33mWarning: guifre no esta disponible el dx a 4a hora[0m
[33mWarning: merce no esta disponible el dx a 4a hora[0m
Soluci√≥ incomplerta 44/72 caselles, cost 10
Soluci√≥ incomplerta 45/72 caselles, cost 10
[33mWarning: annab no esta disponible el dx a 4a hora[0m
Soluci√≥ incomplerta 46/72 caselles, cost 10
[33mWarning: albert no esta disponible el dx a 4a hora[0m
Soluci√≥ incomplerta 47/72 caselles, cost 10
Soluci√≥ incomplerta 48/72 caselles, cost 10
Soluci√≥ incomplerta 49/72 caselles, cost 10
[33mWarning: carme no esta disponible el dv a 1a hora[0m
Soluci√≥ incomplerta 50/72 caselles, cost 10
[33mWarning: eloi no esta disponible el dv a 1a hora[0m
Soluci√≥ incomplerta 51/72 caselles, cost 10
[33mWarning: annab no esta disponible el dv a 1a hora[0m
[33mWarning: joanm no esta disponible el dv a 1a hora[0m
[33mWarning: olga no esta disponible el dv a 1a hora[0m
Soluci√≥ incomplerta 52/72 caselles, cost 10
[33mWarning: albert no esta disponible el dv a 1a hora[0m
[33mWarning: carol no esta disponible el dv a 1a hora[0m
Soluci√≥ incomplerta 53/72 caselles, cost 10
[33mWarning: gabriel no esta disponible el dv a 1a hora[0m
[33mWarning: joanb no esta disponible el dv a 1a hora[0m
[33mWarning: maite no esta disponible el dv a 1a hora[0m
Soluci√≥ incomplerta 54/72 caselles, cost 10
Soluci√≥ incomplerta 55/72 caselles, cost 10
Soluci√≥ incomplerta 56/72 caselles, cost 15
[33mWarning: eloi no esta disponible el dv a 2a hora[0m
Soluci√≥ incomplerta 57/72 caselles, cost 15
[33mWarning: annab no esta disponible el dv a 2a hora[0m
[33mWarning: joanm no esta disponible el dv a 2a hora[0m
Soluci√≥ incomplerta 58/72 caselles, cost 15
[33mWarning: albert no esta disponible el dv a 2a hora[0m
[33mWarning: carol no esta disponible el dv a 2a hora[0m
Soluci√≥ incomplerta 59/72 caselles, cost 15
[33mWarning: gabriel no esta disponible el dv a 2a hora[0m
Soluci√≥ incomplerta 60/72 caselles, cost 15
Soluci√≥ incomplerta 61/72 caselles, cost 15
Soluci√≥ incomplerta 62/72 caselles, cost 15
[33mWarning: eloi no esta disponible el dv a 3a hora[0m
Soluci√≥ incomplerta 63/72 caselles, cost 15
Soluci√≥ incomplerta 64/72 caselles, cost 15
Soluci√≥ incomplerta 65/72 caselles, cost 15
[33mWarning: gabriel no esta disponible el dv a 3a hora[0m
Soluci√≥ incomplerta 66/72 caselles, cost 15
Soluci√≥ incomplerta 67/72 caselles, cost 15
Soluci√≥ incomplerta 68/72 caselles, cost 15
Soluci√≥ incomplerta 69/72 caselles, cost 15
Soluci√≥ incomplerta 70/72 caselles, cost 15
Soluci√≥ incomplerta 71/72 caselles, cost 15
Soluci√≥ trobada amb cost 15.
[33mWarning: carol no esta disponible el dv a 3a hora[0m
[34;1m:: Millor graella grabada a 'graella-telefons-2019-11-18.html'[0m
[34;1m:: Millor graella grabada a 'graella-telefons-2019-11-18.yaml'[0m
